  glad.c
  main.cpp
C:\Users\Tyurin\Documents\GitHub\midnight\main.cpp(182,28): warning C4244: инициализация: преобразование "double" в "float", возможна потеря данных
C:\Users\Tyurin\Documents\GitHub\midnight\main.cpp(303,17): warning C4244: =: преобразование "double" в "float", возможна потеря данных
C:\Users\Tyurin\Documents\GitHub\midnight\main.cpp(304,17): warning C4244: =: преобразование "double" в "float", возможна потеря данных
C:\Users\Tyurin\Documents\GitHub\midnight\main.cpp(308,19): warning C4244: инициализация: преобразование "double" в "float", возможна потеря данных
C:\Users\Tyurin\Documents\GitHub\midnight\main.cpp(309,19): warning C4244: инициализация: преобразование "double" в "float", возможна потеря данных
C:\Users\Tyurin\Documents\GitHub\midnight\main.cpp(311,13): warning C4244: =: преобразование "double" в "float", возможна потеря данных
C:\Users\Tyurin\Documents\GitHub\midnight\main.cpp(312,13): warning C4244: =: преобразование "double" в "float", возможна потеря данных
C:\Users\Tyurin\Documents\GitHub\midnight\main.cpp(319,31): warning C4244: аргумент: преобразование "double" в "float", возможна потеря данных
  stb_image.cpp
  Создание кода...
glfw3.lib(init.obj) : warning LNK4099: "" PDB не найден с "glfw3.lib(init.obj)" или на ""; компоновка объекта выполняется как при отсутствии отладочных данных
glfw3.lib(window.obj) : warning LNK4099: "" PDB не найден с "glfw3.lib(window.obj)" или на ""; компоновка объекта выполняется как при отсутствии отладочных данных
glfw3.lib(input.obj) : warning LNK4099: "" PDB не найден с "glfw3.lib(input.obj)" или на ""; компоновка объекта выполняется как при отсутствии отладочных данных
glfw3.lib(context.obj) : warning LNK4099: "" PDB не найден с "glfw3.lib(context.obj)" или на ""; компоновка объекта выполняется как при отсутствии отладочных данных
glfw3.lib(win32_init.obj) : warning LNK4099: "" PDB не найден с "glfw3.lib(win32_init.obj)" или на ""; компоновка объекта выполняется как при отсутствии отладочных данных
glfw3.lib(win32_monitor.obj) : warning LNK4099: "" PDB не найден с "glfw3.lib(win32_monitor.obj)" или на ""; компоновка объекта выполняется как при отсутствии отладочных данных
glfw3.lib(win32_time.obj) : warning LNK4099: "" PDB не найден с "glfw3.lib(win32_time.obj)" или на ""; компоновка объекта выполняется как при отсутствии отладочных данных
glfw3.lib(win32_thread.obj) : warning LNK4099: "" PDB не найден с "glfw3.lib(win32_thread.obj)" или на ""; компоновка объекта выполняется как при отсутствии отладочных данных
glfw3.lib(monitor.obj) : warning LNK4099: "" PDB не найден с "glfw3.lib(monitor.obj)" или на ""; компоновка объекта выполняется как при отсутствии отладочных данных
glfw3.lib(vulkan.obj) : warning LNK4099: "" PDB не найден с "glfw3.lib(vulkan.obj)" или на ""; компоновка объекта выполняется как при отсутствии отладочных данных
glfw3.lib(win32_window.obj) : warning LNK4099: "" PDB не найден с "glfw3.lib(win32_window.obj)" или на ""; компоновка объекта выполняется как при отсутствии отладочных данных
glfw3.lib(win32_joystick.obj) : warning LNK4099: "" PDB не найден с "glfw3.lib(win32_joystick.obj)" или на ""; компоновка объекта выполняется как при отсутствии отладочных данных
glfw3.lib(wgl_context.obj) : warning LNK4099: "" PDB не найден с "glfw3.lib(wgl_context.obj)" или на ""; компоновка объекта выполняется как при отсутствии отладочных данных
glfw3.lib(egl_context.obj) : warning LNK4099: "" PDB не найден с "glfw3.lib(egl_context.obj)" или на ""; компоновка объекта выполняется как при отсутствии отладочных данных
glfw3.lib(osmesa_context.obj) : warning LNK4099: "" PDB не найден с "glfw3.lib(osmesa_context.obj)" или на ""; компоновка объекта выполняется как при отсутствии отладочных данных
  FlyEngine.vcxproj -> C:\Users\Tyurin\Documents\GitHub\midnight\x64\Debug\FlyEngine.exe
